<?xml version="1.0" encoding="UTF-8"?>
<!-- Generated by org.testng.reporters.JUnitReportReporter -->
<testsuite skipped="0" hostname="DESKTOP-U52CDKB" name="runner.Runnerfile" tests="3" failures="0" timestamp="8 Sep 2020 08:52:04 GMT" time="92.238" errors="0">
  <testcase name="appiumStart" time="15.064" classname="runner.Runnerfile"/>
  <testcase name="testApp1" time="66.703" classname="runner.Runnerfile"/>
  <testcase name="performOrientation" time="10.471" classname="runner.Runnerfile"/>
</testsuite> <!-- runner.Runnerfile -->
