<?xml version="1.0" encoding="UTF-8"?>
<!-- Generated by org.testng.reporters.JUnitReportReporter -->
<testsuite skipped="0" hostname="DESKTOP-U52CDKB" name="amazontest.runner" tests="4" failures="0" timestamp="8 Sep 2020 10:38:13 GMT" time="144.390" errors="0">
  <testcase name="appiumStart" time="15.018" classname="amazontest.runner"/>
  <testcase name="login" time="27.445" classname="amazontest.runner"/>
  <testcase name="testApp1" time="88.974" classname="amazontest.runner"/>
  <testcase name="performOrientation" time="12.953" classname="amazontest.runner"/>
</testsuite> <!-- amazontest.runner -->
