<?xml version="1.0" encoding="UTF-8"?>
<!-- Generated by org.testng.reporters.JUnitReportReporter -->
<testsuite skipped="0" hostname="DESKTOP-U52CDKB" name="runner.NewTest" tests="1" failures="0" timestamp="8 Sep 2020 10:48:08 GMT" time="0.080" errors="0">
  <testcase name="f" time="0.080" classname="runner.NewTest"/>
</testsuite> <!-- runner.NewTest -->
