<?xml version="1.0" encoding="UTF-8"?>
<!-- Generated by org.testng.reporters.JUnitReportReporter -->
<testsuite skipped="0" hostname="DESKTOP-U52CDKB" name="amazontest.orientation" tests="4" failures="0" timestamp="8 Sep 2020 19:22:58 GMT" time="119.968" errors="0">
  <testcase name="testApp1" time="67.999" classname="amazontest.orientation"/>
  <testcase name="performOrientation" time="11.818" classname="amazontest.orientation"/>
  <testcase name="login" time="25.112" classname="amazontest.orientation"/>
  <testcase name="appiumStart" time="15.039" classname="amazontest.orientation"/>
</testsuite> <!-- amazontest.orientation -->
